::1 - - [23/Nov/2025:18:34:11 +0000] "POST /api/books HTTP/1.1" 404 14 "-" "PostmanRuntime/7.49.1"
::1 - - [23/Nov/2025:18:35:29 +0000] "POST /api/books HTTP/1.1" 404 14 "-" "PostmanRuntime/7.49.1"
::1 - - [23/Nov/2025:18:37:10 +0000] "POST /api/books HTTP/1.1" 404 14 "-" "PostmanRuntime/7.49.1"
::1 - - [23/Nov/2025:18:37:57 +0000] "POST /api/books HTTP/1.1" 400 72 "-" "PostmanRuntime/7.49.1"
::1 - - [23/Nov/2025:18:45:47 +0000] "POST /api/books HTTP/1.1" 201 - "-" "PostmanRuntime/7.49.1"
::1 - - [23/Nov/2025:18:53:49 +0000] "POST /api/books HTTP/1.1" 400 72 "-" "PostmanRuntime/7.49.1"
::1 - - [23/Nov/2025:18:59:30 +0000] "POST /api/books HTTP/1.1" 400 72 "-" "PostmanRuntime/7.49.1"
::1 - - [23/Nov/2025:19:00:09 +0000] "POST /api/books HTTP/1.1" 201 - "-" "PostmanRuntime/7.49.1"
::1 - - [23/Nov/2025:19:05:05 +0000] "POST /api/books HTTP/1.1" 400 72 "-" "PostmanRuntime/7.49.1"
::1 - - [23/Nov/2025:19:29:20 +0000] "POST /api/books HTTP/1.1" 201 - "-" "PostmanRuntime/7.49.1"
::1 - - [24/Nov/2025:13:27:43 +0000] "GET /api/readers HTTP/1.1" 200 2 "-" "PostmanRuntime/7.49.1"
::1 - - [24/Nov/2025:13:29:28 +0000] "POST /api/readers HTTP/1.1" 400 19 "-" "PostmanRuntime/7.49.1"
::1 - - [24/Nov/2025:13:30:57 +0000] "GET /api/readers HTTP/1.1" 200 2 "-" "PostmanRuntime/7.49.1"
::1 - - [24/Nov/2025:13:33:26 +0000] "GET /api/readers HTTP/1.1" 200 2 "-" "PostmanRuntime/7.49.1"
::1 - - [24/Nov/2025:13:33:38 +0000] "POST /api/readers HTTP/1.1" 400 19 "-" "PostmanRuntime/7.49.1"
::1 - - [24/Nov/2025:13:33:59 +0000] "POST /api/readers HTTP/1.1" 201 - "-" "PostmanRuntime/7.49.1"
::1 - - [24/Nov/2025:13:36:04 +0000] "POST /api/readers HTTP/1.1" 201 - "-" "PostmanRuntime/7.49.1"
::1 - - [24/Nov/2025:13:36:40 +0000] "GET /api/readers HTTP/1.1" 200 97 "-" "PostmanRuntime/7.49.1"
::1 - - [24/Nov/2025:13:37:25 +0000] "POST /api/readers HTTP/1.1" 400 59 "-" "PostmanRuntime/7.49.1"
::1 - - [24/Nov/2025:14:27:45 +0000] "POST /api/readers HTTP/1.1" 400 45 "-" "PostmanRuntime/7.49.1"
::1 - - [24/Nov/2025:14:27:56 +0000] "POST /api/readers HTTP/1.1" 201 43 "-" "PostmanRuntime/7.49.1"
::1 - - [24/Nov/2025:14:30:32 +0000] "GET /api/readers/123456799 HTTP/1.1" 200 47 "-" "PostmanRuntime/7.49.1"
::1 - - [24/Nov/2025:14:33:16 +0000] "PATCH /api/readers?id=123456799&status=%22inactive%22 HTTP/1.1" 400 28 "-" "PostmanRuntime/7.49.1"
::1 - - [24/Nov/2025:14:34:15 +0000] "PATCH /api/readers?id=123456799&status=inactive HTTP/1.1" 200 21 "-" "PostmanRuntime/7.49.1"
::1 - - [24/Nov/2025:14:35:33 +0000] "PATCH /api/readers?id=123456799&status=inactive HTTP/1.1" 200 21 "-" "PostmanRuntime/7.49.1"
::1 - - [24/Nov/2025:14:35:54 +0000] "PATCH /api/readers?id=123456799&status=inactive HTTP/1.1" 200 21 "-" "PostmanRuntime/7.49.1"
::1 - - [24/Nov/2025:14:38:09 +0000] "PATCH /api/readers?id=123456799&status=inactive HTTP/1.1" 200 20 "-" "PostmanRuntime/7.49.1"
::1 - - [24/Nov/2025:14:38:20 +0000] "PATCH /api/readers?id=123456795&status=inactive HTTP/1.1" 200 20 "-" "PostmanRuntime/7.49.1"
::1 - - [24/Nov/2025:14:39:26 +0000] "PATCH /api/readers?id=123456795&status=inactive HTTP/1.1" 200 20 "-" "PostmanRuntime/7.49.1"
::1 - - [24/Nov/2025:14:40:37 +0000] "PATCH /api/readers?id=123456795&status=inactive HTTP/1.1" 200 20 "-" "PostmanRuntime/7.49.1"
::1 - - [24/Nov/2025:14:41:59 +0000] "PATCH /api/readers?id=123456795&status=inactive HTTP/1.1" 200 20 "-" "PostmanRuntime/7.49.1"
::1 - - [24/Nov/2025:14:42:24 +0000] "PATCH /api/readers?id=123456799&status=active HTTP/1.1" 200 18 "-" "PostmanRuntime/7.49.1"
::1 - - [24/Nov/2025:14:42:32 +0000] "PATCH /api/readers?id=123456799&status=active HTTP/1.1" 200 18 "-" "PostmanRuntime/7.49.1"
::1 - - [24/Nov/2025:14:43:16 +0000] "PATCH /api/readers?id=123456799&status=active HTTP/1.1" 200 18 "-" "PostmanRuntime/7.49.1"
::1 - - [24/Nov/2025:14:43:26 +0000] "PATCH /api/readers?id=123456788&status=active HTTP/1.1" 200 18 "-" "PostmanRuntime/7.49.1"
::1 - - [24/Nov/2025:14:43:46 +0000] "PATCH /api/readers?id=123456788&status=active HTTP/1.1" 200 18 "-" "PostmanRuntime/7.49.1"
::1 - - [24/Nov/2025:14:44:06 +0000] "PATCH /api/readers?id=123456785&status=active HTTP/1.1" 404 23 "-" "PostmanRuntime/7.49.1"
::1 - - [24/Nov/2025:14:46:13 +0000] "GET /api/readers HTTP/1.1" 200 145 "-" "PostmanRuntime/7.49.1"
::1 - - [24/Nov/2025:14:46:30 +0000] "PATCH /api/readers?id=123456789&status=inactive HTTP/1.1" 200 20 "-" "PostmanRuntime/7.49.1"
::1 - - [24/Nov/2025:15:06:53 +0000] "GET /api/readers HTTP/1.1" 200 147 "-" "PostmanRuntime/7.49.1"
::1 - - [24/Nov/2025:15:07:06 +0000] "POST /api/readers HTTP/1.1" 201 43 "-" "PostmanRuntime/7.49.1"
::1 - - [24/Nov/2025:15:07:11 +0000] "POST /api/readers HTTP/1.1" 400 45 "-" "PostmanRuntime/7.49.1"
::1 - - [24/Nov/2025:15:07:20 +0000] "GET /api/readers/123456799 HTTP/1.1" 200 47 "-" "PostmanRuntime/7.49.1"
::1 - - [24/Nov/2025:15:07:27 +0000] "GET /api/readers/123456000 HTTP/1.1" 404 34 "-" "PostmanRuntime/7.49.1"
::1 - - [24/Nov/2025:15:07:36 +0000] "PATCH /api/readers?id=123456789&status=inactive HTTP/1.1" 200 20 "-" "PostmanRuntime/7.49.1"
::1 - - [24/Nov/2025:15:07:41 +0000] "PATCH /api/readers?id=123456789&status=aaaaa HTTP/1.1" 400 23 "-" "PostmanRuntime/7.49.1"
::1 - - [24/Nov/2025:15:07:47 +0000] "PATCH /api/readers?id=123456999&status=active HTTP/1.1" 404 17 "-" "PostmanRuntime/7.49.1"
